<?xml version="1.0" encoding="UTF-8"?>
<!-- Generated by org.testng.reporters.JUnitXMLReporter -->
<testsuite hostname="IABLR-LT155" name="createCustomerTest" tests="4" failures="0" timestamp="21 Mar 2020 09:35:55 GMT" time="4.129" errors="0">
  <testcase name="validateCreateCustomerWithValidSecretKey" time="2.657" classname="com.practise.RestAssuredAPITestingFramework.TestCases.TC_01_Create_Customer"/>
  <testcase name="validateCreateCustomerWithValidSecretKey" time="0.672" classname="com.practise.RestAssuredAPITestingFramework.TestCases.TC_01_Create_Customer"/>
  <testcase name="validateCreateCustomerWithInValidSecretKey" time="0.38" classname="com.practise.RestAssuredAPITestingFramework.TestCases.TC_01_Create_Customer"/>
  <testcase name="validateCreateCustomerWithInValidSecretKey" time="0.386" classname="com.practise.RestAssuredAPITestingFramework.TestCases.TC_01_Create_Customer"/>
</testsuite> <!-- createCustomerTest -->
