<?xml version="1.0" encoding="UTF-8"?>
<!-- Generated by org.testng.reporters.JUnitXMLReporter -->
<testsuite hostname="IABLR-LT155" name="deleteCustomerTest" tests="1" failures="1" timestamp="21 Mar 2020 09:35:56 GMT" time="0.775" errors="0">
  <testcase name="validateDeleteCustomerWithValidID" time="0.768" classname="com.practise.RestAssuredAPITestingFramework.TestCases.TC_02_Delete_Customer">
    <failure type="java.lang.AssertionError" message="expected [200] but found [404]">
      <![CDATA[java.lang.AssertionError: expected [200] but found [404]
	at com.practise.RestAssuredAPITestingFramework.TestCases.TC_02_Delete_Customer.validateDeleteCustomerWithValidID(TC_02_Delete_Customer.java:29)
... Removed 31 stack frames]]>
    </failure>
  </testcase> <!-- validateDeleteCustomerWithValidID -->
</testsuite> <!-- deleteCustomerTest -->
