<?xml version="1.0" encoding="UTF-8"?>
<!-- Generated by org.testng.reporters.JUnitXMLReporter -->
<testsuite hostname="IABLR-LT155" name="Test" tests="4" failures="0" timestamp="20 Mar 2020 17:29:40 GMT" time="5.27" errors="0">
  <testcase name="validateCreateCustomerWithValidSecretKey" time="3.668" classname="com.practise.RestAssuredAPITestingFramework.TestCases.TC_01_Create_Customer"/>
  <testcase name="validateCreateCustomerWithValidSecretKey" time="0.714" classname="com.practise.RestAssuredAPITestingFramework.TestCases.TC_01_Create_Customer"/>
  <testcase name="validateCreateCustomerWithInValidSecretKey" time="0.443" classname="com.practise.RestAssuredAPITestingFramework.TestCases.TC_01_Create_Customer"/>
  <testcase name="validateCreateCustomerWithInValidSecretKey" time="0.39" classname="com.practise.RestAssuredAPITestingFramework.TestCases.TC_01_Create_Customer"/>
</testsuite> <!-- Test -->
