<?xml version="1.0" encoding="UTF-8"?>
<!-- Generated by org.testng.reporters.JUnitXMLReporter -->
<testsuite hostname="IABLR-LT155" ignored="0" name="createCustomerTest" tests="4" failures="0" timestamp="2020-03-21T21:31:53 IST" time="14.519" errors="0">
  <testcase name="validateCreateCustomerWithValidSecretKey" time="6.93" classname="com.practise.RestAssuredAPITestingFramework.TestCases.TC_01_Create_Customer"/>
  <testcase name="validateCreateCustomerWithValidSecretKey" time="2.398" classname="com.practise.RestAssuredAPITestingFramework.TestCases.TC_01_Create_Customer"/>
  <testcase name="validateCreateCustomerWithInValidSecretKey" time="2.017" classname="com.practise.RestAssuredAPITestingFramework.TestCases.TC_01_Create_Customer"/>
  <testcase name="validateCreateCustomerWithInValidSecretKey" time="2.953" classname="com.practise.RestAssuredAPITestingFramework.TestCases.TC_01_Create_Customer"/>
</testsuite> <!-- createCustomerTest -->
