<?xml version="1.0" encoding="UTF-8"?>
<!-- Generated by org.testng.reporters.JUnitXMLReporter -->
<testsuite hostname="IABLR-LT155" ignored="0" name="createCustomerTest" tests="4" failures="0" timestamp="2020-03-21T23:06:51 IST" time="6.705" errors="0">
  <testcase name="validateCreateCustomerWithValidSecretKey" time="5.138" classname="com.practise.RestAssuredAPITestingFramework.TestCases.TC_01_Create_Customer"/>
  <testcase name="validateCreateCustomerWithValidSecretKey" time="0.71" classname="com.practise.RestAssuredAPITestingFramework.TestCases.TC_01_Create_Customer"/>
  <testcase name="validateCreateCustomerWithInValidSecretKey" time="0.384" classname="com.practise.RestAssuredAPITestingFramework.TestCases.TC_01_Create_Customer"/>
  <testcase name="validateCreateCustomerWithInValidSecretKey" time="0.387" classname="com.practise.RestAssuredAPITestingFramework.TestCases.TC_01_Create_Customer"/>
</testsuite> <!-- createCustomerTest -->
