<?xml version="1.0" encoding="UTF-8"?>
<!-- Generated by org.testng.reporters.JUnitXMLReporter -->
<testsuite hostname="IABLR-LT155" ignored="0" name="deleteCustomerTest" tests="1" failures="1" timestamp="2020-03-21T21:31:56 IST" time="2.546" errors="0">
  <testcase name="validateDeleteCustomerWithValidID" time="2.483" classname="com.practise.RestAssuredAPITestingFramework.TestCases.TC_02_Delete_Customer">
    <failure type="java.lang.AssertionError" message="expected [200] but found [404]">
      <![CDATA[java.lang.AssertionError: expected [200] but found [404]
at com.practise.RestAssuredAPITestingFramework.TestCases.TC_02_Delete_Customer.validateDeleteCustomerWithValidID(TC_02_Delete_Customer.java:29)
at java.util.ArrayList.forEach(ArrayList.java:1257)
... Removed 36 stack frames]]>
    </failure>
  </testcase> <!-- validateDeleteCustomerWithValidID -->
</testsuite> <!-- deleteCustomerTest -->
