<?xml version="1.0" encoding="UTF-8"?>
<testsuite xmlns:xsi="http://www.w3.org/2001/XMLSchema-instance" xsi:noNamespaceSchemaLocation="https://maven.apache.org/surefire/maven-surefire-plugin/xsd/surefire-test-report.xsd" name="TestSuite" time="21.804" tests="5" errors="0" skipped="0" failures="1">
  <properties>
[...]
</properties>
  <testcase name="validateCreateCustomerWithValidSecretKey" classname="com.practise.RestAssuredAPITestingFramework.TestCases.TC_01_Create_Customer" time="6.936"/>
  <testcase name="validateCreateCustomerWithValidSecretKey" classname="com.practise.RestAssuredAPITestingFramework.TestCases.TC_01_Create_Customer" time="2.399"/>
  <testcase name="validateCreateCustomerWithInValidSecretKey" classname="com.practise.RestAssuredAPITestingFramework.TestCases.TC_01_Create_Customer" time="2.017"/>
  <testcase name="validateCreateCustomerWithInValidSecretKey" classname="com.practise.RestAssuredAPITestingFramework.TestCases.TC_01_Create_Customer" time="2.956"/>
  <testcase name="validateDeleteCustomerWithValidID" classname="com.practise.RestAssuredAPITestingFramework.TestCases.TC_02_Delete_Customer" time="2.544">
    <failure message="expected [200] but found [404]" type="java.lang.AssertionError">java.lang.AssertionError: expected [200] but found [404]
	at com.practise.RestAssuredAPITestingFramework.TestCases.TC_02_Delete_Customer.validateDeleteCustomerWithValidID(TC_02_Delete_Customer.java:29)
</failure>
    <system-out><![CDATA[{
    "error": {
        "code": "resource_missing",
        "doc_url": "https://stripe.com/docs/error-codes/resource-missing",
        "message": "No such customer: cus_GwxvBEhVpO1ewV",
        "param": "id",
        "type": "invalid_request_error"
    }
}
{
    "error": {
        "code": "resource_missing",
        "doc_url": "https://stripe.com/docs/error-codes/resource-missing",
        "message": "No such customer: cus_GwxvBEhVpO1ewV",
        "param": "id",
        "type": "invalid_request_error"
    }
}
]]></system-out>
  </testcase>
</testsuite>