-------------------------------------------------------------------------------
Test set: TestSuite
-------------------------------------------------------------------------------
Tests run: 5, Failures: 1, Errors: 0, Skipped: 0, Time elapsed: 21.804 s <<< FAILURE! - in TestSuite
validateDeleteCustomerWithValidID(com.practise.RestAssuredAPITestingFramework.TestCases.TC_02_Delete_Customer)  Time elapsed: 2.544 s  <<< FAILURE!
java.lang.AssertionError: expected [200] but found [404]
	at com.practise.RestAssuredAPITestingFramework.TestCases.TC_02_Delete_Customer.validateDeleteCustomerWithValidID(TC_02_Delete_Customer.java:29)

