<?xml version="1.0" encoding="UTF-8"?>
<testng-results skipped="0" failed="0" total="3" passed="3">
  <reporter-output>
  </reporter-output>
  <suite name="Default suite" duration-ms="11271" started-at="2020-03-22T08:05:02Z" finished-at="2020-03-22T08:05:13Z">
    <groups>
    </groups>
    <test name="Default test" duration-ms="11271" started-at="2020-03-22T08:05:02Z" finished-at="2020-03-22T08:05:13Z">
      <class name="rough.PayPalAPI">
        <test-method status="PASS" signature="getAccessToken()[pri:1, instance:rough.PayPalAPI@3bfdc050]" name="getAccessToken" duration-ms="6067" started-at="2020-03-22T13:35:02Z" finished-at="2020-03-22T13:35:08Z">
          <reporter-output>
          </reporter-output>
        </test-method> <!-- getAccessToken -->
        <test-method status="PASS" signature="createOrder()[pri:2, instance:rough.PayPalAPI@3bfdc050]" name="createOrder" duration-ms="3385" started-at="2020-03-22T13:35:08Z" depends-on-methods="rough.PayPalAPI.getAccessToken" finished-at="2020-03-22T13:35:11Z">
          <reporter-output>
          </reporter-output>
        </test-method> <!-- createOrder -->
        <test-method status="PASS" signature="getOrder()[pri:3, instance:rough.PayPalAPI@3bfdc050]" name="getOrder" duration-ms="1790" started-at="2020-03-22T13:35:11Z" depends-on-methods="rough.PayPalAPI.createOrder, rough.PayPalAPI.getAccessToken" finished-at="2020-03-22T13:35:13Z">
          <reporter-output>
          </reporter-output>
        </test-method> <!-- getOrder -->
      </class> <!-- rough.PayPalAPI -->
    </test> <!-- Default test -->
  </suite> <!-- Default suite -->
</testng-results>
